<?xml version="1.0" encoding="UTF-8"?>
<testng-results ignored="0" total="0" passed="0" failed="0" skipped="0">
  <reporter-output>
  </reporter-output>
  <suite started-at="2021-06-28T18:56:14 IST" name="Suite" finished-at="2021-06-28T18:56:14 IST" duration-ms="7">
    <groups>
    </groups>
    <test started-at="2021-06-28T18:56:14 IST" name="Cucumber_LoginTest_Case" finished-at="2021-06-28T18:56:14 IST" duration-ms="7">
    </test> <!-- Cucumber_LoginTest_Case -->
  </suite> <!-- Suite -->
</testng-results>
